<?xml version="1.0" encoding="utf-8"?><testsuites name="pytest tests"><testsuite name="pytest" errors="0" failures="0" skipped="0" tests="4" time="1.133" timestamp="2026-08-02T06:42:01.928593+00:00" hostname="agent-env-82e8ebc2-a428-41d6-aad9-f4d5efaaf1e3"><testcase classname="tests.backend_test" name="test_health" time="0.206" /><testcase classname="tests.backend_test" name="test_create_reservation_and_persistence" time="0.182" /><testcase classname="tests.backend_test" name="test_reservation_validation_missing_fields" time="0.145" /><testcase classname="tests.backend_test" name="test_reservation_guests_bounds" time="0.125" /></testsuite></testsuites>